<?xml version="1.0" encoding="UTF-8"?>
<testsuite name="com.kodilla.stream.array.ArrayOperationsTestSuite" tests="1" skipped="0" failures="0" errors="0" timestamp="2018-07-30T16:47:24" hostname="DESKTOP-4RNOU32" time="0.008">
  <properties/>
  <testcase name="testGetAverage" classname="com.kodilla.stream.array.ArrayOperationsTestSuite" time="0.008"/>
  <system-out><![CDATA[5
6
7
8
9
10
11
12
13
14
15
16
17
18
19
20
21
22
23
24
]]></system-out>
  <system-err><![CDATA[]]></system-err>
</testsuite>
