<?xml version="1.0" encoding="UTF-8"?>
<testsuite name="com.kodilla.patterns.builder.bigmac.BigmacTestSuite" tests="1" skipped="0" failures="0" errors="0" timestamp="2018-08-30T10:53:44" hostname="DESKTOP-4RNOU32" time="0.004">
  <properties/>
  <testcase name="testBigmacNew" classname="com.kodilla.patterns.builder.bigmac.BigmacTestSuite" time="0.004"/>
  <system-out><![CDATA[Bigmac{bun='With sesame', burgers=2, sauce='Soft', ingredients=[Cheese, Cucumber, Onion]}
]]></system-out>
  <system-err><![CDATA[]]></system-err>
</testsuite>
